<?xml version="1.0" encoding="UTF-8"?>
<testsuites>
  <testsuite name="Ebay Product Search" timestamp="2021-09-22T17:18:18" time="30.667" tests="4" failures="0" errors="0" skipped="0">
    <properties>
      <property name="specId" value="0"/>
      <property name="suiteName" value="Ebay Product Search"/>
      <property name="capabilities" value="firefox.92_0.windows"/>
      <property name="file" value="./test/specs/search.js"/>
    </properties>
    <testcase classname="firefox.92_0.windows.Ebay_Product_Search" name="should open the main url and verify the title" time="7.404">
      <system-out><![CDATA[
COMMAND: POST /session/e144b48f89094b5ec0a520a71358324e1591ee9f/element/370e53e7-a8eb-43ed-877d-3100630ea16c/click - {}
COMMAND: GET /session/e144b48f89094b5ec0a520a71358324e1591ee9f/element/370e53e7-a8eb-43ed-877d-3100630ea16c/displayed - {}
COMMAND: POST /session/e144b48f89094b5ec0a520a71358324e1591ee9f/url - {"url":"https://www.ebay.com/"}
RESULT: {}
COMMAND: POST /session/e144b48f89094b5ec0a520a71358324e1591ee9f/element - {"using":"css selector","value":".hl-cat-nav__sub-cat-col a[href*=\"Wristwatches\"]"}
RESULT: {"url":"https://www.ebay.com/"}
COMMAND: GET /session/e144b48f89094b5ec0a520a71358324e1591ee9f/title - {}
RESULT: {"using":"css selector","value":".hl-cat-nav__sub-cat-col a[href*=\"Wristwatches\"]"}
COMMAND: GET /session/e144b48f89094b5ec0a520a71358324e1591ee9f/element/370e53e7-a8eb-43ed-877d-3100630ea16c/displayed - {}
RESULT: {}
COMMAND: POST /session/e144b48f89094b5ec0a520a71358324e1591ee9f/refresh - {}
]]></system-out>
    </testcase>
    <testcase classname="firefox.92_0.windows.Ebay_Product_Search" name="should search for a product and verify the search text value" time="6.001">
      <system-out><![CDATA[
COMMAND: POST /session/e144b48f89094b5ec0a520a71358324e1591ee9f/element - {"using":"css selector","value":"#gh-ac"}
COMMAND: POST /session/e144b48f89094b5ec0a520a71358324e1591ee9f/element - {"using":"css selector","value":".hl-cat-nav__sub-cat-col a[href*=\"Wristwatches\"]"}
RESULT: {}
RESULT: {"using":"css selector","value":".hl-cat-nav__sub-cat-col a[href*=\"Wristwatches\"]"}
COMMAND: GET /session/e144b48f89094b5ec0a520a71358324e1591ee9f/element/fae39cb7-0685-4fde-ab18-dc96ebc3d051/displayed - {}
RESULT: {"using":"css selector","value":"#gh-ac"}
COMMAND: POST /session/e144b48f89094b5ec0a520a71358324e1591ee9f/element/28f5b5b6-55df-4686-854c-49d725653a20/clear - {}
RESULT: {}
RESULT: {}
COMMAND: POST /session/e144b48f89094b5ec0a520a71358324e1591ee9f/element/28f5b5b6-55df-4686-854c-49d725653a20/value - {"text":"laptop"}
RESULT: {"text":"laptop"}
COMMAND: POST /session/e144b48f89094b5ec0a520a71358324e1591ee9f/element - {"using":"css selector","value":"#gh-btn"}
RESULT: {"using":"css selector","value":"#gh-btn"}
COMMAND: POST /session/e144b48f89094b5ec0a520a71358324e1591ee9f/element/edfe22d8-f698-45bd-aff1-fdd540a07d00/click - {}
RESULT: {}
COMMAND: POST /session/e144b48f89094b5ec0a520a71358324e1591ee9f/element - {"using":"css selector","value":"#gh-ac"}
RESULT: {"using":"css selector","value":"#gh-ac"}
COMMAND: GET /session/e144b48f89094b5ec0a520a71358324e1591ee9f/element/ba63b4f6-fbeb-47ba-a852-81ebcdaab9cd/property/value - {}
RESULT: {}
COMMAND: POST /session/e144b48f89094b5ec0a520a71358324e1591ee9f/refresh - {}
]]></system-out>
    </testcase>
    <testcase classname="firefox.92_0.windows.Ebay_Product_Search" name="should redirect to a new page and verify the title" time="3.026">
      <system-out><![CDATA[
COMMAND: GET /session/e144b48f89094b5ec0a520a71358324e1591ee9f/title - {}
RESULT: {}
RESULT: {}
COMMAND: POST /session/e144b48f89094b5ec0a520a71358324e1591ee9f/refresh - {}
]]></system-out>
    </testcase>
    <testcase classname="firefox.92_0.windows.Ebay_Product_Search" name="should update the search category" time="3.646">
      <system-out><![CDATA[
COMMAND: POST /session/e144b48f89094b5ec0a520a71358324e1591ee9f/element - {"using":"css selector","value":"#gh-cat option:nth-child(1)"}
COMMAND: POST /session/e144b48f89094b5ec0a520a71358324e1591ee9f/element - {"using":"css selector","value":"#gh-cat option:nth-child(1)"}
RESULT: {}
RESULT: {"using":"css selector","value":"#gh-cat option:nth-child(1)"}
COMMAND: GET /session/e144b48f89094b5ec0a520a71358324e1591ee9f/element/32c716f2-959e-4858-8b04-0f3f5f0de028/text - {}
RESULT: {"using":"css selector","value":"#gh-cat option:nth-child(1)"}
RESULT: {}
COMMAND: POST /session/e144b48f89094b5ec0a520a71358324e1591ee9f/refresh - {}
COMMAND: POST /session/e144b48f89094b5ec0a520a71358324e1591ee9f/url - {"url":"https://www.ebay.com/"}
COMMAND: DELETE /session/e144b48f89094b5ec0a520a71358324e1591ee9f - {}
RESULT: {}
]]></system-out>
    </testcase>
  </testsuite>
</testsuites>