<?xml version="1.0" encoding="UTF-8"?>
<testsuites>
  <testsuite name="Ebay Product Search" timestamp="2021-09-22T17:18:16" time="34.532" tests="4" failures="0" errors="0" skipped="0">
    <properties>
      <property name="specId" value="0"/>
      <property name="suiteName" value="Ebay Product Search"/>
      <property name="capabilities" value="chrome.93_0_4577_63.windows"/>
      <property name="file" value="./test/specs/search.js"/>
    </properties>
    <testcase classname="chrome.93_0_4577_63.windows.Ebay_Product_Search" name="should open the main url and verify the title" time="5.008">
      <system-out><![CDATA[
COMMAND: POST /session/bce8d19c04692a8f6d56b20a8e35cbe603ddcbf2/execute/sync - {"script":"return (function isElementDisplayed(element) {\n    function nodeIsElement(node) {\n        if (!node) {\n            return false;\n        }\n        switch (node.nodeType) {\n            case Node.ELEMEN ... (7762 more bytes)","args":[{"element-6066-11e4-a52e-4f735466cecf":"08dc70ee-7178-4293-ac72-b7e1b7984d47","ELEMENT":"08dc70ee-7178-4293-ac72-b7e1b7984d47"}]}
COMMAND: POST /session/bce8d19c04692a8f6d56b20a8e35cbe603ddcbf2/element/08dc70ee-7178-4293-ac72-b7e1b7984d47/click - {}
COMMAND: POST /session/bce8d19c04692a8f6d56b20a8e35cbe603ddcbf2/url - {"url":"https://www.ebay.com/"}
RESULT: {"script":"return (function isElementDisplayed(element) {\n    function nodeIsElement(node) {\n        if (!node) {\n            return false;\n        }\n        switch (node.nodeType) {\n            case Node.ELEMEN ... (7762 more bytes)","args":[{"element-6066-11e4-a52e-4f735466cecf":"08dc70ee-7178-4293-ac72-b7e1b7984d47","ELEMENT":"08dc70ee-7178-4293-ac72-b7e1b7984d47"}]}
RESULT: {}
RESULT: {"url":"https://www.ebay.com/"}
COMMAND: GET /session/bce8d19c04692a8f6d56b20a8e35cbe603ddcbf2/title - {}
RESULT: {}
COMMAND: POST /session/bce8d19c04692a8f6d56b20a8e35cbe603ddcbf2/refresh - {}
]]></system-out>
    </testcase>
    <testcase classname="chrome.93_0_4577_63.windows.Ebay_Product_Search" name="should search for a product and verify the search text value" time="7.737">
      <system-out><![CDATA[
COMMAND: POST /session/bce8d19c04692a8f6d56b20a8e35cbe603ddcbf2/element - {"using":"css selector","value":"#gh-ac"}
RESULT: {}
RESULT: {"using":"css selector","value":"#gh-ac"}
COMMAND: POST /session/bce8d19c04692a8f6d56b20a8e35cbe603ddcbf2/element/9aa55f06-f944-4608-82f3-dfc86545bc2b/clear - {}
RESULT: {}
COMMAND: POST /session/bce8d19c04692a8f6d56b20a8e35cbe603ddcbf2/element/9aa55f06-f944-4608-82f3-dfc86545bc2b/value - {"text":"laptop"}
RESULT: {"text":"laptop"}
COMMAND: POST /session/bce8d19c04692a8f6d56b20a8e35cbe603ddcbf2/element - {"using":"css selector","value":"#gh-btn"}
RESULT: {"using":"css selector","value":"#gh-btn"}
COMMAND: POST /session/bce8d19c04692a8f6d56b20a8e35cbe603ddcbf2/element/83a0d50c-7a97-4c13-a042-a1ee083e4fac/click - {}
RESULT: {}
COMMAND: POST /session/bce8d19c04692a8f6d56b20a8e35cbe603ddcbf2/element - {"using":"css selector","value":"#gh-ac"}
RESULT: {"using":"css selector","value":"#gh-ac"}
COMMAND: GET /session/bce8d19c04692a8f6d56b20a8e35cbe603ddcbf2/element/d3549f13-a080-458b-958d-b9e6ac97b7fd/property/value - {}
RESULT: {}
COMMAND: POST /session/bce8d19c04692a8f6d56b20a8e35cbe603ddcbf2/refresh - {}
]]></system-out>
    </testcase>
    <testcase classname="chrome.93_0_4577_63.windows.Ebay_Product_Search" name="should redirect to a new page and verify the title" time="3.576">
      <system-out><![CDATA[
COMMAND: GET /session/bce8d19c04692a8f6d56b20a8e35cbe603ddcbf2/title - {}
RESULT: {}
RESULT: {}
COMMAND: POST /session/bce8d19c04692a8f6d56b20a8e35cbe603ddcbf2/refresh - {}
]]></system-out>
    </testcase>
    <testcase classname="chrome.93_0_4577_63.windows.Ebay_Product_Search" name="should update the search category" time="2.682">
      <system-out><![CDATA[
COMMAND: POST /session/bce8d19c04692a8f6d56b20a8e35cbe603ddcbf2/element - {"using":"css selector","value":"#gh-cat option:nth-child(1)"}
COMMAND: POST /session/bce8d19c04692a8f6d56b20a8e35cbe603ddcbf2/element - {"using":"css selector","value":"#gh-cat option:nth-child(1)"}
RESULT: {}
RESULT: {"using":"css selector","value":"#gh-cat option:nth-child(1)"}
RESULT: {"using":"css selector","value":"#gh-cat option:nth-child(1)"}
COMMAND: GET /session/bce8d19c04692a8f6d56b20a8e35cbe603ddcbf2/element/a44596d9-7050-47f6-82d9-f33f6643556a/text - {}
RESULT: {}
COMMAND: POST /session/bce8d19c04692a8f6d56b20a8e35cbe603ddcbf2/refresh - {}
COMMAND: POST /session/bce8d19c04692a8f6d56b20a8e35cbe603ddcbf2/url - {"url":"https://www.ebay.com/"}
RESULT: {}
COMMAND: DELETE /session/bce8d19c04692a8f6d56b20a8e35cbe603ddcbf2 - {}
RESULT: {}
]]></system-out>
    </testcase>
  </testsuite>
</testsuites>